<?xml version="1.0" encoding="UTF-8"?>
<!-- Generated by org.testng.reporters.JUnitXMLReporter -->
<testsuite ignored="0" hostname="LAPTOP-1U7H5F4V" failures="0" tests="3" name="Test" time="71.82" errors="0" timestamp="2021-04-30T10:23:57 EDT">
  <testcase classname="TestCases.GM_Test_Cases" name="GM_TC_001" time="26.973"/>
  <testcase classname="TestCases.GM_Test_Cases" name="GM_TC_002" time="17.908"/>
  <testcase classname="TestCases.GM_Test_Cases" name="GM_TC_003" time="17.146"/>
</testsuite> <!-- Test -->
