<?xml version="1.0" encoding="UTF-8"?>
<testng-results ignored="0" total="3" passed="3" failed="0" skipped="0">
  <reporter-output>
  </reporter-output>
  <suite started-at="2021-04-30T10:22:45 EDT" name="Suite" finished-at="2021-04-30T10:23:57 EDT" duration-ms="71820">
    <groups>
    </groups>
    <test started-at="2021-04-30T10:22:45 EDT" name="Test" finished-at="2021-04-30T10:23:57 EDT" duration-ms="71820">
      <class name="TestCases.GM_Test_Cases">
        <test-method is-config="true" signature="loadBrowser()[pri:0, instance:TestCases.GM_Test_Cases@4d910fd6]" started-at="2021-04-30T10:22:45 EDT" name="loadBrowser" finished-at="2021-04-30T10:22:54 EDT" duration-ms="8365" status="PASS">
          <reporter-output>
          </reporter-output>
        </test-method> <!-- loadBrowser -->
        <test-method signature="GM_TC_001()[pri:1, instance:TestCases.GM_Test_Cases@4d910fd6]" started-at="2021-04-30T10:22:54 EDT" name="GM_TC_001" finished-at="2021-04-30T10:23:21 EDT" duration-ms="26973" status="PASS">
          <reporter-output>
          </reporter-output>
        </test-method> <!-- GM_TC_001 -->
        <test-method signature="GM_TC_002()[pri:2, instance:TestCases.GM_Test_Cases@4d910fd6]" started-at="2021-04-30T10:23:21 EDT" name="GM_TC_002" finished-at="2021-04-30T10:23:39 EDT" duration-ms="17908" status="PASS">
          <reporter-output>
          </reporter-output>
        </test-method> <!-- GM_TC_002 -->
        <test-method signature="GM_TC_003()[pri:3, instance:TestCases.GM_Test_Cases@4d910fd6]" started-at="2021-04-30T10:23:39 EDT" name="GM_TC_003" finished-at="2021-04-30T10:23:56 EDT" duration-ms="17146" status="PASS">
          <reporter-output>
          </reporter-output>
        </test-method> <!-- GM_TC_003 -->
        <test-method is-config="true" signature="report()[pri:0, instance:TestCases.GM_Test_Cases@4d910fd6]" started-at="2021-04-30T10:23:56 EDT" name="report" finished-at="2021-04-30T10:23:57 EDT" duration-ms="1328" status="PASS">
          <reporter-output>
          </reporter-output>
        </test-method> <!-- report -->
      </class> <!-- TestCases.GM_Test_Cases -->
    </test> <!-- Test -->
  </suite> <!-- Suite -->
</testng-results>
